{"total": {"lines":{"total":206,"covered":174,"skipped":0,"pct":84.46},"statements":{"total":228,"covered":184,"skipped":0,"pct":80.7},"functions":{"total":53,"covered":38,"skipped":0,"pct":71.69},"branches":{"total":215,"covered":137,"skipped":0,"pct":63.72},"branchesTrue":{"total":0,"covered":0,"skipped":0,"pct":100}}
,"/home/runner/work/el-j.github.io/el-j.github.io/src/assets/images/projects-watermark.svg": {"lines":{"total":0,"covered":0,"skipped":0,"pct":0},"functions":{"total":0,"covered":0,"skipped":0,"pct":0},"statements":{"total":0,"covered":0,"skipped":0,"pct":0},"branches":{"total":0,"covered":0,"skipped":0,"pct":0}}
,"/home/runner/work/el-j.github.io/el-j.github.io/src/components/layout/Navbar.vue": {"lines":{"total":16,"covered":14,"skipped":0,"pct":87.5},"functions":{"total":4,"covered":2,"skipped":0,"pct":50},"statements":{"total":16,"covered":14,"skipped":0,"pct":87.5},"branches":{"total":10,"covered":8,"skipped":0,"pct":80}}
,"/home/runner/work/el-j.github.io/el-j.github.io/src/components/projects/BentoGrid.vue": {"lines":{"total":51,"covered":33,"skipped":0,"pct":64.7},"functions":{"total":15,"covered":7,"skipped":0,"pct":46.66},"statements":{"total":59,"covered":35,"skipped":0,"pct":59.32},"branches":{"total":55,"covered":17,"skipped":0,"pct":30.9}}
,"/home/runner/work/el-j.github.io/el-j.github.io/src/components/projects/HeroSection.vue": {"lines":{"total":7,"covered":7,"skipped":0,"pct":100},"functions":{"total":0,"covered":0,"skipped":0,"pct":100},"statements":{"total":8,"covered":8,"skipped":0,"pct":100},"branches":{"total":12,"covered":12,"skipped":0,"pct":100}}
,"/home/runner/work/el-j.github.io/el-j.github.io/src/components/projects/ProjectCard.vue": {"lines":{"total":54,"covered":50,"skipped":0,"pct":92.59},"functions":{"total":13,"covered":12,"skipped":0,"pct":92.3},"statements":{"total":57,"covered":53,"skipped":0,"pct":92.98},"branches":{"total":55,"covered":46,"skipped":0,"pct":83.63}}
,"/home/runner/work/el-j.github.io/el-j.github.io/src/components/projects/ProjectCardModal.vue": {"lines":{"total":62,"covered":56,"skipped":0,"pct":90.32},"functions":{"total":19,"covered":15,"skipped":0,"pct":78.94},"statements":{"total":69,"covered":58,"skipped":0,"pct":84.05},"branches":{"total":66,"covered":40,"skipped":0,"pct":60.6}}
,"/home/runner/work/el-j.github.io/el-j.github.io/src/data/projects-generated.json": {"lines":{"total":0,"covered":0,"skipped":0,"pct":0},"functions":{"total":0,"covered":0,"skipped":0,"pct":0},"statements":{"total":0,"covered":0,"skipped":0,"pct":0},"branches":{"total":0,"covered":0,"skipped":0,"pct":0}}
,"/home/runner/work/el-j.github.io/el-j.github.io/src/i18n/index.ts": {"lines":{"total":9,"covered":8,"skipped":0,"pct":88.88},"functions":{"total":1,"covered":1,"skipped":0,"pct":100},"statements":{"total":11,"covered":10,"skipped":0,"pct":90.9},"branches":{"total":8,"covered":7,"skipped":0,"pct":87.5}}
,"/home/runner/work/el-j.github.io/el-j.github.io/src/locales/de.json": {"lines":{"total":0,"covered":0,"skipped":0,"pct":0},"functions":{"total":0,"covered":0,"skipped":0,"pct":0},"statements":{"total":0,"covered":0,"skipped":0,"pct":0},"branches":{"total":0,"covered":0,"skipped":0,"pct":0}}
,"/home/runner/work/el-j.github.io/el-j.github.io/src/locales/en.json": {"lines":{"total":0,"covered":0,"skipped":0,"pct":0},"functions":{"total":0,"covered":0,"skipped":0,"pct":0},"statements":{"total":0,"covered":0,"skipped":0,"pct":0},"branches":{"total":0,"covered":0,"skipped":0,"pct":0}}
,"/home/runner/work/el-j.github.io/el-j.github.io/src/utils/metadata.ts": {"lines":{"total":1,"covered":1,"skipped":0,"pct":100},"functions":{"total":0,"covered":0,"skipped":0,"pct":100},"statements":{"total":1,"covered":1,"skipped":0,"pct":100},"branches":{"total":0,"covered":0,"skipped":0,"pct":100}}
,"/home/runner/work/el-j.github.io/el-j.github.io/src/utils/screenshot.ts": {"lines":{"total":6,"covered":5,"skipped":0,"pct":83.33},"functions":{"total":1,"covered":1,"skipped":0,"pct":100},"statements":{"total":7,"covered":5,"skipped":0,"pct":71.42},"branches":{"total":9,"covered":7,"skipped":0,"pct":77.77}}
}
