TN:
SF:src/assets/images/projects-watermark.svg
FNF:0
FNH:0
LF:0
LH:0
BRF:0
BRH:0
end_of_record
TN:
SF:src/components/layout/Navbar.vue
FN:11,toggleLang
FN:20,(anonymous_1)
FN:21,(anonymous_2)
FN:63,(anonymous_3)
FNF:4
FNH:2
FNDA:2,toggleLang
FNDA:2,(anonymous_1)
FNDA:0,(anonymous_2)
FNDA:0,(anonymous_3)
DA:7,2
DA:8,2
DA:9,2
DA:12,2
DA:13,2
DA:14,2
DA:15,2
DA:19,2
DA:20,2
DA:21,2
DA:22,0
DA:28,4
DA:32,1
DA:39,1
DA:51,1
DA:63,0
LF:16
LH:14
BRDA:30,0,0,0
BRDA:30,0,1,4
BRDA:33,1,0,4
BRDA:33,1,1,2
BRDA:58,2,0,2
BRDA:58,2,1,2
BRDA:63,3,0,4
BRDA:63,3,1,2
BRDA:67,4,0,0
BRDA:67,4,1,4
BRF:10
BRH:8
end_of_record
TN:
SF:src/components/projects/BentoGrid.vue
FN:33,(anonymous_0)
FN:41,(anonymous_1)
FN:45,(anonymous_2)
FN:48,(anonymous_3)
FN:51,(anonymous_4)
FN:75,openModal
FN:80,closeModal
FN:113,(anonymous_7)
FN:118,(anonymous_8)
FN:126,(anonymous_9)
FN:141,(anonymous_10)
FN:159,(anonymous_11)
FN:153,(anonymous_12)
FN:180,(anonymous_13)
FN:180,(anonymous_14)
FNF:15
FNH:7
FNDA:2,(anonymous_0)
FNDA:2,(anonymous_1)
FNDA:2,(anonymous_2)
FNDA:0,(anonymous_3)
FNDA:0,(anonymous_4)
FNDA:0,openModal
FNDA:0,closeModal
FNDA:0,(anonymous_7)
FNDA:2,(anonymous_8)
FNDA:0,(anonymous_9)
FNDA:0,(anonymous_10)
FNDA:0,(anonymous_11)
FNDA:8,(anonymous_12)
FNDA:2,(anonymous_13)
FNDA:2,(anonymous_14)
DA:10,2
DA:12,2
DA:14,2
DA:15,2
DA:16,2
DA:19,2
DA:20,2
DA:23,2
DA:25,2
DA:33,2
DA:34,2
DA:35,2
DA:36,2
DA:38,2
DA:41,2
DA:42,2
DA:44,2
DA:45,2
DA:47,2
DA:48,0
DA:51,2
DA:53,0
DA:54,0
DA:56,0
DA:58,0
DA:60,0
DA:62,0
DA:65,0
DA:66,0
DA:67,0
DA:68,0
DA:72,2
DA:76,0
DA:77,0
DA:81,0
DA:86,2
DA:93,1
DA:94,1
DA:97,1
DA:103,1
DA:105,1
DA:113,0
DA:117,2
DA:126,0
DA:136,1
DA:138,0
DA:146,1
DA:149,0
DA:152,8
DA:179,2
DA:180,2
LF:51
LH:33
BRDA:36,0,0,2
BRDA:36,0,1,0
BRDA:44,1,0,2
BRDA:44,1,1,0
BRDA:47,2,0,0
BRDA:47,2,1,2
BRDA:53,3,0,0
BRDA:53,3,1,0
BRDA:53,4,0,0
BRDA:53,4,1,0
BRDA:54,5,0,0
BRDA:54,5,1,0
BRDA:54,6,0,0
BRDA:54,6,1,0
BRDA:56,7,0,0
BRDA:56,7,1,0
BRDA:56,7,2,0
BRDA:56,7,3,0
BRDA:56,7,4,0
BRDA:58,8,0,0
BRDA:58,8,1,0
BRDA:58,9,0,0
BRDA:58,9,1,0
BRDA:60,10,0,0
BRDA:60,10,1,0
BRDA:60,11,0,0
BRDA:60,11,1,0
BRDA:65,12,0,0
BRDA:65,12,1,0
BRDA:65,13,0,0
BRDA:65,13,1,0
BRDA:66,14,0,0
BRDA:66,14,1,0
BRDA:67,15,0,0
BRDA:67,15,1,0
BRDA:87,16,0,2
BRDA:87,16,1,2
BRDA:107,17,0,2
BRDA:107,17,1,0
BRDA:113,18,0,2
BRDA:113,18,1,2
BRDA:120,19,0,0
BRDA:120,19,1,2
BRDA:132,20,0,2
BRDA:132,20,1,2
BRDA:141,21,0,2
BRDA:141,21,1,2
BRDA:159,22,0,2
BRDA:159,22,1,2
BRDA:163,23,0,0
BRDA:163,23,1,2
BRDA:170,24,0,0
BRDA:170,24,1,0
BRDA:189,25,0,0
BRDA:189,25,1,2
BRF:55
BRH:17
end_of_record
TN:
SF:src/components/projects/HeroSection.vue
FNF:0
FNH:0
DA:3,4
DA:7,4
DA:22,1
DA:30,1
DA:34,1
DA:38,1
DA:43,1
LF:7
LH:7
BRDA:8,0,0,4
BRDA:8,0,1,4
BRDA:15,1,0,4
BRDA:15,1,1,4
BRDA:23,2,0,4
BRDA:23,2,1,4
BRDA:50,3,0,4
BRDA:50,3,1,4
BRDA:59,4,0,4
BRDA:59,4,1,4
BRDA:63,5,0,4
BRDA:63,5,1,4
BRF:12
BRH:12
end_of_record
TN:
SF:src/components/projects/ProjectCard.vue
FN:29,(anonymous_0)
FN:38,(anonymous_1)
FN:46,(anonymous_2)
FN:55,(anonymous_3)
FN:59,(anonymous_4)
FN:74,topicColor
FN:79,(anonymous_6)
FN:82,(anonymous_7)
FN:115,(anonymous_8)
FN:128,(anonymous_9)
FN:185,(anonymous_10)
FN:198,(anonymous_11)
FN:211,(anonymous_12)
FNF:13
FNH:12
FNDA:16,(anonymous_0)
FNDA:16,(anonymous_1)
FNDA:16,(anonymous_2)
FNDA:16,(anonymous_3)
FNDA:16,(anonymous_4)
FNDA:36,topicColor
FNDA:16,(anonymous_6)
FNDA:16,(anonymous_7)
FNDA:16,(anonymous_8)
FNDA:1,(anonymous_9)
FNDA:0,(anonymous_10)
FNDA:62,(anonymous_11)
FNDA:36,(anonymous_12)
DA:11,16
DA:18,16
DA:20,16
DA:22,16
DA:27,16
DA:29,16
DA:30,16
DA:31,0
DA:32,0
DA:33,0
DA:38,16
DA:39,16
DA:40,3
DA:41,3
DA:43,13
DA:46,16
DA:47,16
DA:48,16
DA:50,0
DA:54,16
DA:55,16
DA:58,16
DA:60,16
DA:65,16
DA:75,36
DA:78,16
DA:79,16
DA:82,16
DA:83,16
DA:84,16
DA:85,16
DA:91,16
DA:92,16
DA:98,16
DA:99,16
DA:105,16
DA:106,14
DA:112,16
DA:115,16
DA:121,16
DA:128,1
DA:140,1
DA:157,1
DA:159,1
DA:160,1
DA:167,1
DA:168,1
DA:174,1
DA:192,1
DA:197,62
DA:204,1
DA:210,36
DA:220,1
DA:225,1
LF:54
LH:50
BRDA:30,0,0,16
BRDA:30,0,1,0
BRDA:30,1,0,16
BRDA:30,1,1,4
BRDA:39,2,0,3
BRDA:39,2,1,13
BRDA:41,3,0,3
BRDA:41,3,1,0
BRDA:43,4,0,13
BRDA:43,4,1,0
BRDA:60,5,0,16
BRDA:60,5,1,15
BRDA:60,5,2,13
BRDA:62,6,0,13
BRDA:62,6,1,13
BRDA:79,7,0,16
BRDA:79,7,1,0
BRDA:84,8,0,16
BRDA:84,8,1,0
BRDA:91,9,0,16
BRDA:91,9,1,0
BRDA:98,10,0,16
BRDA:98,10,1,0
BRDA:105,11,0,14
BRDA:105,11,1,2
BRDA:123,12,0,4
BRDA:123,12,1,12
BRDA:128,13,0,16
BRDA:128,13,1,16
BRDA:132,14,0,4
BRDA:132,14,1,12
BRDA:137,15,0,4
BRDA:137,15,1,4
BRDA:142,16,0,16
BRDA:142,16,1,0
BRDA:153,17,0,16
BRDA:153,17,1,16
BRDA:172,18,0,16
BRDA:172,18,1,0
BRDA:185,19,0,16
BRDA:185,19,1,16
BRDA:185,20,0,16
BRDA:185,20,1,16
BRDA:196,21,0,16
BRDA:209,22,0,16
BRDA:209,23,0,16
BRDA:209,23,1,16
BRDA:211,24,0,4
BRDA:211,24,1,12
BRDA:221,25,0,14
BRDA:221,25,1,2
BRDA:228,26,0,16
BRDA:228,26,1,16
BRDA:233,27,0,16
BRDA:233,27,1,16
BRF:55
BRH:46
end_of_record
TN:
SF:src/components/projects/ProjectCardModal.vue
FN:25,(anonymous_0)
FN:33,(anonymous_1)
FN:42,(anonymous_2)
FN:45,(anonymous_3)
FN:60,topicColor
FN:65,(anonymous_5)
FN:68,(anonymous_6)
FN:73,(anonymous_7)
FN:90,(anonymous_8)
FN:94,onEscape
FN:98,(anonymous_10)
FN:99,(anonymous_11)
FN:104,(anonymous_12)
FN:108,(anonymous_13)
FN:112,(anonymous_14)
FN:135,(anonymous_15)
FN:179,(anonymous_16)
FN:228,(anonymous_17)
FN:251,(anonymous_18)
FNF:19
FNH:15
FNDA:4,(anonymous_0)
FNDA:4,(anonymous_1)
FNDA:4,(anonymous_2)
FNDA:4,(anonymous_3)
FNDA:12,topicColor
FNDA:4,(anonymous_5)
FNDA:4,(anonymous_6)
FNDA:4,(anonymous_7)
FNDA:4,(anonymous_8)
FNDA:0,onEscape
FNDA:5,(anonymous_10)
FNDA:0,(anonymous_11)
FNDA:5,(anonymous_12)
FNDA:0,(anonymous_13)
FNDA:4,(anonymous_14)
FNDA:1,(anonymous_15)
FNDA:12,(anonymous_16)
FNDA:16,(anonymous_17)
FNDA:0,(anonymous_18)
DA:10,5
DA:21,5
DA:23,5
DA:25,5
DA:26,4
DA:27,0
DA:28,0
DA:30,4
DA:33,5
DA:34,4
DA:35,4
DA:37,0
DA:41,5
DA:42,4
DA:45,5
DA:46,4
DA:47,4
DA:48,4
DA:51,5
DA:61,12
DA:64,5
DA:65,4
DA:68,5
DA:69,4
DA:70,4
DA:73,5
DA:74,4
DA:75,4
DA:76,4
DA:78,4
DA:79,4
DA:81,4
DA:82,4
DA:84,4
DA:85,4
DA:87,4
DA:90,5
DA:95,0
DA:98,5
DA:99,5
DA:103,5
DA:108,0
DA:113,1
DA:116,1
DA:123,1
DA:124,1
DA:129,1
DA:135,1
DA:142,1
DA:143,1
DA:160,1
DA:169,1
DA:170,1
DA:177,1
DA:178,12
DA:192,1
DA:227,16
DA:234,1
DA:239,1
DA:251,0
DA:256,4
DA:258,5
LF:62
LH:56
BRDA:26,0,0,0
BRDA:26,0,1,4
BRDA:28,1,0,0
BRDA:28,1,1,0
BRDA:30,2,0,4
BRDA:30,2,1,0
BRDA:46,3,0,0
BRDA:46,3,1,4
BRDA:47,4,0,0
BRDA:47,4,1,4
BRDA:48,5,0,4
BRDA:48,5,1,4
BRDA:65,6,0,4
BRDA:65,6,1,0
BRDA:70,7,0,4
BRDA:70,7,1,4
BRDA:70,7,2,4
BRDA:75,8,0,4
BRDA:75,8,1,0
BRDA:78,9,0,4
BRDA:78,9,1,0
BRDA:81,10,0,4
BRDA:81,10,1,0
BRDA:84,11,0,4
BRDA:84,11,1,0
BRDA:95,12,0,0
BRDA:95,12,1,0
BRDA:105,13,0,4
BRDA:108,14,0,4
BRDA:108,14,1,4
BRDA:127,15,0,4
BRDA:127,15,1,0
BRDA:135,16,0,4
BRDA:135,16,1,4
BRDA:135,17,0,4
BRDA:135,17,1,4
BRDA:145,18,0,4
BRDA:145,18,1,0
BRDA:176,19,0,4
BRDA:176,20,0,4
BRDA:176,20,1,4
BRDA:193,21,0,4
BRDA:193,21,1,0
BRDA:197,22,0,4
BRDA:197,22,1,4
BRDA:198,23,0,4
BRDA:198,23,1,0
BRDA:202,24,0,0
BRDA:202,24,1,4
BRDA:205,25,0,0
BRDA:205,25,1,0
BRDA:207,26,0,4
BRDA:207,26,1,0
BRDA:214,27,0,4
BRDA:214,27,1,0
BRDA:215,28,0,4
BRDA:215,28,1,0
BRDA:218,29,0,0
BRDA:218,29,1,4
BRDA:223,30,0,0
BRDA:223,30,1,0
BRDA:226,31,0,4
BRDA:246,32,0,4
BRDA:246,32,1,4
BRDA:251,33,0,4
BRDA:251,33,1,4
BRF:66
BRH:40
end_of_record
TN:
SF:src/data/projects-generated.json
FNF:0
FNH:0
LF:0
LH:0
BRF:0
BRH:0
end_of_record
TN:
SF:src/i18n/index.ts
FN:10,detectLocale
FNF:1
FNH:1
FNDA:4,detectLocale
DA:5,1
DA:8,1
DA:11,4
DA:12,4
DA:13,4
DA:15,3
DA:16,3
DA:17,4
DA:19,0
LF:9
LH:8
BRDA:13,0,0,1
BRDA:13,0,1,3
BRDA:13,1,0,4
BRDA:13,1,1,2
BRDA:16,2,0,3
BRDA:16,2,1,0
BRDA:17,3,0,3
BRDA:17,3,1,1
BRF:8
BRH:7
end_of_record
TN:
SF:src/locales/de.json
FNF:0
FNH:0
LF:0
LH:0
BRF:0
BRH:0
end_of_record
TN:
SF:src/locales/en.json
FNF:0
FNH:0
LF:0
LH:0
BRF:0
BRH:0
end_of_record
TN:
SF:src/utils/metadata.ts
FNF:0
FNH:0
DA:1,1
LF:1
LH:1
BRF:0
BRH:0
end_of_record
TN:
SF:src/utils/screenshot.ts
FN:3,buildScreenshotUrl
FNF:1
FNH:1
FNDA:38,buildScreenshotUrl
DA:1,2
DA:4,38
DA:5,38
DA:6,38
DA:7,38
DA:9,0
LF:6
LH:5
BRDA:3,0,0,38
BRDA:3,1,0,38
BRDA:3,2,0,38
BRDA:4,3,0,0
BRDA:4,3,1,38
BRDA:6,4,0,38
BRDA:6,4,1,0
BRDA:6,5,0,38
BRDA:6,5,1,38
BRF:9
BRH:7
end_of_record
